# JRE version: Java(TM) SE Runtime Environment 18.9 (11.0.19+9) (build 11.0.19+9-LTS-224)
# Java VM: Java HotSpot(TM) 64-Bit Server VM 18.9 (11.0.19+9-LTS-224, mixed mode, tiered, compressed oops, g1 gc, windows-amd64)
Heap:
 garbage-first heap   total 258048K, used 121343K [0x0000000080000000, 0x0000000100000000)
  region size 1024K, 98 young (100352K), 7 survivors (7168K)
 Metaspace       used 45173K, capacity 46402K, committed 46592K, reserved 1089536K
  class space    used 6302K, capacity 6822K, committed 6912K, reserved 1048576K
GC Heap History (8 events):
Event: 0.344 GC heap before
{Heap before GC invocations=0 (full 0):
 garbage-first heap   total 258048K, used 28672K [0x0000000080000000, 0x0000000100000000)
  region size 1024K, 24 young (24576K), 0 survivors (0K)
 Metaspace       used 9624K, capacity 9831K, committed 10112K, reserved 1058816K
  class space    used 1005K, capacity 1069K, committed 1152K, reserved 1048576K
}
Event: 0.347 GC heap after
{Heap after GC invocations=1 (full 0):
 garbage-first heap   total 258048K, used 10288K [0x0000000080000000, 0x0000000100000000)
  region size 1024K, 3 young (3072K), 3 survivors (3072K)
 Metaspace       used 9624K, capacity 9831K, committed 10112K, reserved 1058816K
  class space    used 1005K, capacity 1069K, committed 1152K, reserved 1048576K
}
Event: 2.940 GC heap before
{Heap before GC invocations=1 (full 0):
 garbage-first heap   total 258048K, used 100400K [0x0000000080000000, 0x0000000100000000)
  region size 1024K, 92 young (94208K), 3 survivors (3072K)
 Metaspace       used 20669K, capacity 21091K, committed 21248K, reserved 1067008K
  class space    used 2515K, capacity 2697K, committed 2816K, reserved 1048576K
}
Event: 2.945 GC heap after
{Heap after GC invocations=2 (full 0):
 garbage-first heap   total 258048K, used 18144K [0x0000000080000000, 0x0000000100000000)
  region size 1024K, 11 young (11264K), 11 survivors (11264K)
 Metaspace       used 20669K, capacity 21091K, committed 21248K, reserved 1067008K
  class space    used 2515K, capacity 2697K, committed 2816K, reserved 1048576K
}
Event: 3.525 GC heap before
{Heap before GC invocations=3 (full 0):
 garbage-first heap   total 258048K, used 75488K [0x0000000080000000, 0x0000000100000000)
  region size 1024K, 67 young (68608K), 11 survivors (11264K)
 Metaspace       used 25774K, capacity 26381K, committed 26624K, reserved 1073152K
  class space    used 3352K, capacity 3572K, committed 3584K, reserved 1048576K
}
Event: 3.530 GC heap after
{Heap after GC invocations=4 (full 0):
 garbage-first heap   total 258048K, used 20089K [0x0000000080000000, 0x0000000100000000)
  region size 1024K, 3 young (3072K), 3 survivors (3072K)
 Metaspace       used 25774K, capacity 26381K, committed 26624K, reserved 1073152K
  class space    used 3352K, capacity 3572K, committed 3584K, reserved 1048576K
}
Event: 4.168 GC heap before
{Heap before GC invocations=4 (full 0):
 garbage-first heap   total 258048K, used 112249K [0x0000000080000000, 0x0000000100000000)
  region size 1024K, 89 young (91136K), 3 survivors (3072K)
 Metaspace       used 34793K, capacity 35743K, committed 35840K, reserved 1079296K
  class space    used 4637K, capacity 5037K, committed 5120K, reserved 1048576K
}
Event: 4.172 GC heap after
{Heap after GC invocations=5 (full 0):
 garbage-first heap   total 258048K, used 29183K [0x0000000080000000, 0x0000000100000000)
  region size 1024K, 7 young (7168K), 7 survivors (7168K)
 Metaspace       used 34793K, capacity 35743K, committed 35840K, reserved 1079296K
  class space    used 4637K, capacity 5037K, committed 5120K, reserved 1048576K
}

